<?xml version="1.0" encoding="UTF-8"?>
<!-- Generated by org.testng.reporters.JUnitReportReporter -->
<testsuite hostname="Computer" name="Sample.AppTest" tests="1" failures="0" timestamp="8 Jul 2017 06:01:04 GMT" time="0.015" errors="0">
  <testcase name="a" time="0.015" classname="Sample.AppTest"/>
</testsuite> <!-- Sample.AppTest -->
